{"/home/vinicius/repos/teste4All/src/fixtures/fixtures.js": {"path":"/home/vinicius/repos/teste4All/src/fixtures/fixtures.js","statementMap":{"0":{"start":{"line":1,"column":13},"end":{"line":1,"column":75}},"1":{"start":{"line":1,"column":75},"end":{"line":1,"column":117}},"2":{"start":{"line":1,"column":130},"end":{"line":19,"column":238}},"3":{"start":{"line":19,"column":239},"end":{"line":19,"column":263}},"4":{"start":{"line":24,"column":14},"end":{"line":31,"column":22}},"5":{"start":{"line":31,"column":23},"end":{"line":31,"column":49}}},"fnMap":{},"branchMap":{},"s":{"0":2,"1":2,"2":2,"3":2,"4":2,"5":2},"f":{},"b":{},"_coverageSchema":"43e27e138ebf9cfc5966b082cf9a028302ed4184","hash":"bca5b6af402cc4bedf5bb4e27f84f8bd8dff6ef8"}
,"/home/vinicius/repos/teste4All/src/screens/TelaInicial/index.js": {"path":"/home/vinicius/repos/teste4All/src/screens/TelaInicial/index.js","statementMap":{"0":{"start":{"line":1,"column":42},"end":{"line":1,"column":97}},"1":{"start":{"line":1,"column":128},"end":{"line":1,"column":184}},"2":{"start":{"line":1,"column":185},"end":{"line":1,"column":247}},"3":{"start":{"line":1,"column":247},"end":{"line":1,"column":294}},"4":{"start":{"line":1,"column":313},"end":{"line":1,"column":374}},"5":{"start":{"line":1,"column":398},"end":{"line":1,"column":470}},"6":{"start":{"line":1,"column":491},"end":{"line":1,"column":560}},"7":{"start":{"line":1,"column":595},"end":{"line":1,"column":678}},"8":{"start":{"line":1,"column":702},"end":{"line":1,"column":774}},"9":{"start":{"line":1,"column":792},"end":{"line":1,"column":858}},"10":{"start":{"line":1,"column":872},"end":{"line":1,"column":913}},"11":{"start":{"line":3,"column":17},"end":{"line":3,"column":62}},"12":{"start":{"line":4,"column":18},"end":{"line":4,"column":40}},"13":{"start":{"line":5,"column":19},"end":{"line":5,"column":42}},"14":{"start":{"line":6,"column":18},"end":{"line":6,"column":40}},"15":{"start":{"line":9,"column":21},"end":{"line":9,"column":86}},"16":{"start":{"line":10,"column":14},"end":{"line":10,"column":46}},"17":{"start":{"line":11,"column":15},"end":{"line":11,"column":45}},"18":{"start":{"line":12,"column":27},"end":{"line":12,"column":98}},"19":{"start":{"line":12,"column":118},"end":{"line":12,"column":183}},"20":{"start":{"line":14,"column":14},"end":{"line":65,"column":52}},"21":{"start":{"line":14,"column":41},"end":{"line":14,"column":94}},"22":{"start":{"line":14,"column":118},"end":{"line":14,"column":167}},"23":{"start":{"line":14,"column":167},"end":{"line":14,"column":288}},"24":{"start":{"line":14,"column":289},"end":{"line":65,"column":10}},"25":{"start":{"line":14,"column":410},"end":{"line":17,"column":85}},"26":{"start":{"line":14,"column":483},"end":{"line":17,"column":70}},"27":{"start":{"line":14,"column":494},"end":{"line":17,"column":69}},"28":{"start":{"line":16,"column":14},"end":{"line":16,"column":49}},"29":{"start":{"line":17,"column":14},"end":{"line":17,"column":27}},"30":{"start":{"line":17,"column":45},"end":{"line":17,"column":68}},"31":{"start":{"line":22,"column":6},"end":{"line":22,"column":16}},"32":{"start":{"line":22,"column":27},"end":{"line":22,"column":46}},"33":{"start":{"line":22,"column":57},"end":{"line":22,"column":76}},"34":{"start":{"line":22,"column":92},"end":{"line":22,"column":116}},"35":{"start":{"line":23,"column":6},"end":{"line":62,"column":145}},"36":{"start":{"line":38,"column":60},"end":{"line":38,"column":69}},"37":{"start":{"line":38,"column":70},"end":{"line":54,"column":162}},"38":{"start":{"line":45,"column":45},"end":{"line":45,"column":78}},"39":{"start":{"line":59,"column":53},"end":{"line":59,"column":68}},"40":{"start":{"line":65,"column":10},"end":{"line":65,"column":29}},"41":{"start":{"line":65,"column":53},"end":{"line":65,"column":87}},"42":{"start":{"line":68,"column":22},"end":{"line":70,"column":41}},"43":{"start":{"line":68,"column":55},"end":{"line":70,"column":40}},"44":{"start":{"line":73,"column":25},"end":{"line":75,"column":53}},"45":{"start":{"line":78,"column":0},"end":{"line":79,"column":16}},"46":{"start":{"line":82,"column":0},"end":{"line":88,"column":55}},"47":{"start":{"line":92,"column":0},"end":{"line":92,"column":74}},"48":{"start":{"line":92,"column":75},"end":{"line":92,"column":102}}},"fnMap":{"0":{"name":"(anonymous_0)","decl":{"start":{"line":14,"column":14},"end":{"line":14,"column":15}},"loc":{"start":{"line":14,"column":40},"end":{"line":65,"column":30}},"line":14},"1":{"name":"TelaInicial","decl":{"start":{"line":14,"column":103},"end":{"line":14,"column":114}},"loc":{"start":{"line":14,"column":117},"end":{"line":14,"column":289}},"line":14},"2":{"name":"componentDidMount","decl":{"start":{"line":14,"column":374},"end":{"line":14,"column":391}},"loc":{"start":{"line":14,"column":394},"end":{"line":17,"column":86}},"line":14},"3":{"name":"componentDidMount$","decl":{"start":{"line":14,"column":453},"end":{"line":14,"column":471}},"loc":{"start":{"line":14,"column":482},"end":{"line":17,"column":71}},"line":14},"4":{"name":"render","decl":{"start":{"line":17,"column":123},"end":{"line":17,"column":129}},"loc":{"start":{"line":21,"column":4},"end":{"line":65,"column":5}},"line":21},"5":{"name":"renderItem","decl":{"start":{"line":38,"column":31},"end":{"line":38,"column":41}},"loc":{"start":{"line":38,"column":48},"end":{"line":54,"column":163}},"line":38},"6":{"name":"onPress","decl":{"start":{"line":45,"column":34},"end":{"line":45,"column":41}},"loc":{"start":{"line":45,"column":44},"end":{"line":45,"column":79}},"line":45},"7":{"name":"keyExtractor","decl":{"start":{"line":59,"column":33},"end":{"line":59,"column":45}},"loc":{"start":{"line":59,"column":52},"end":{"line":59,"column":69}},"line":59},"8":{"name":"mapStateToProps","decl":{"start":{"line":68,"column":31},"end":{"line":68,"column":46}},"loc":{"start":{"line":68,"column":54},"end":{"line":70,"column":41}},"line":68}},"branchMap":{"0":{"loc":{"start":{"line":14,"column":494},"end":{"line":17,"column":69}},"type":"switch","locations":[{"start":{"line":14,"column":534},"end":{"line":17,"column":27}},{"start":{"line":17,"column":27},"end":{"line":17,"column":34}},{"start":{"line":17,"column":34},"end":{"line":17,"column":68}}],"line":14}},"s":{"0":1,"1":1,"2":1,"3":1,"4":1,"5":1,"6":1,"7":1,"8":1,"9":1,"10":1,"11":1,"12":1,"13":1,"14":1,"15":1,"16":1,"17":1,"18":1,"19":1,"20":1,"21":1,"22":1,"23":1,"24":1,"25":1,"26":1,"27":1,"28":1,"29":1,"30":1,"31":1,"32":1,"33":1,"34":1,"35":1,"36":0,"37":0,"38":0,"39":0,"40":1,"41":1,"42":1,"43":0,"44":1,"45":1,"46":1,"47":1,"48":1},"f":{"0":1,"1":1,"2":1,"3":1,"4":1,"5":0,"6":0,"7":0,"8":0},"b":{"0":[1,1,1]},"_coverageSchema":"43e27e138ebf9cfc5966b082cf9a028302ed4184","hash":"29acfeb7608dc37d359a09a99966b2698c56624a"}
,"/home/vinicius/repos/teste4All/src/screens/TelaPrincipal/index.js": {"path":"/home/vinicius/repos/teste4All/src/screens/TelaPrincipal/index.js","statementMap":{"0":{"start":{"line":1,"column":42},"end":{"line":1,"column":97}},"1":{"start":{"line":1,"column":128},"end":{"line":1,"column":184}},"2":{"start":{"line":1,"column":185},"end":{"line":1,"column":247}},"3":{"start":{"line":1,"column":247},"end":{"line":1,"column":296}},"4":{"start":{"line":1,"column":317},"end":{"line":1,"column":387}},"5":{"start":{"line":1,"column":411},"end":{"line":1,"column":483}},"6":{"start":{"line":1,"column":504},"end":{"line":1,"column":573}},"7":{"start":{"line":1,"column":608},"end":{"line":1,"column":691}},"8":{"start":{"line":1,"column":715},"end":{"line":1,"column":787}},"9":{"start":{"line":1,"column":805},"end":{"line":1,"column":871}},"10":{"start":{"line":1,"column":885},"end":{"line":1,"column":926}},"11":{"start":{"line":2,"column":18},"end":{"line":2,"column":40}},"12":{"start":{"line":3,"column":19},"end":{"line":3,"column":42}},"13":{"start":{"line":6,"column":24},"end":{"line":6,"column":77}},"14":{"start":{"line":7,"column":17},"end":{"line":7,"column":62}},"15":{"start":{"line":8,"column":18},"end":{"line":8,"column":40}},"16":{"start":{"line":10,"column":14},"end":{"line":10,"column":46}},"17":{"start":{"line":11,"column":18},"end":{"line":11,"column":94}},"18":{"start":{"line":12,"column":22},"end":{"line":12,"column":102}},"19":{"start":{"line":13,"column":18},"end":{"line":13,"column":94}},"20":{"start":{"line":14,"column":16},"end":{"line":14,"column":90}},"21":{"start":{"line":14,"column":110},"end":{"line":14,"column":177}},"22":{"start":{"line":16,"column":13},"end":{"line":35,"column":33}},"23":{"start":{"line":39,"column":17},"end":{"line":63,"column":28}},"24":{"start":{"line":67,"column":16},"end":{"line":196,"column":50}},"25":{"start":{"line":67,"column":39},"end":{"line":67,"column":90}},"26":{"start":{"line":68,"column":38},"end":{"line":68,"column":89}},"27":{"start":{"line":69,"column":4},"end":{"line":69,"column":116}},"28":{"start":{"line":70,"column":4},"end":{"line":71,"column":28}},"29":{"start":{"line":73,"column":4},"end":{"line":73,"column":28}},"30":{"start":{"line":73,"column":28},"end":{"line":73,"column":41}},"31":{"start":{"line":74,"column":3},"end":{"line":196,"column":10}},"32":{"start":{"line":77,"column":19},"end":{"line":77,"column":40}},"33":{"start":{"line":78,"column":6},"end":{"line":78,"column":26}},"34":{"start":{"line":82,"column":6},"end":{"line":82,"column":45}},"35":{"start":{"line":87,"column":15},"end":{"line":87,"column":32}},"36":{"start":{"line":88,"column":6},"end":{"line":88,"column":63}},"37":{"start":{"line":92,"column":19},"end":{"line":92,"column":40}},"38":{"start":{"line":93,"column":6},"end":{"line":108,"column":32}},"39":{"start":{"line":95,"column":10},"end":{"line":95,"column":29}},"40":{"start":{"line":96,"column":10},"end":{"line":96,"column":16}},"41":{"start":{"line":98,"column":10},"end":{"line":98,"column":46}},"42":{"start":{"line":99,"column":10},"end":{"line":99,"column":16}},"43":{"start":{"line":101,"column":10},"end":{"line":101,"column":35}},"44":{"start":{"line":102,"column":10},"end":{"line":102,"column":16}},"45":{"start":{"line":104,"column":10},"end":{"line":104,"column":16}},"46":{"start":{"line":106,"column":10},"end":{"line":106,"column":16}},"47":{"start":{"line":108,"column":10},"end":{"line":108,"column":31}},"48":{"start":{"line":113,"column":18},"end":{"line":113,"column":22}},"49":{"start":{"line":114,"column":15},"end":{"line":114,"column":32}},"50":{"start":{"line":115,"column":21},"end":{"line":115,"column":44}},"51":{"start":{"line":116,"column":24},"end":{"line":116,"column":133}},"52":{"start":{"line":116,"column":71},"end":{"line":116,"column":131}},"53":{"start":{"line":117,"column":6},"end":{"line":189,"column":137}},"54":{"start":{"line":123,"column":43},"end":{"line":123,"column":77}},"55":{"start":{"line":149,"column":63},"end":{"line":149,"column":101}},"56":{"start":{"line":158,"column":60},"end":{"line":158,"column":69}},"57":{"start":{"line":158,"column":70},"end":{"line":165,"column":94}},"58":{"start":{"line":168,"column":53},"end":{"line":168,"column":79}},"59":{"start":{"line":187,"column":39},"end":{"line":187,"column":74}},"60":{"start":{"line":196,"column":10},"end":{"line":196,"column":31}},"61":{"start":{"line":196,"column":51},"end":{"line":196,"column":89}},"62":{"start":{"line":200,"column":0},"end":{"line":224,"column":15}},"63":{"start":{"line":227,"column":22},"end":{"line":228,"column":43}},"64":{"start":{"line":227,"column":55},"end":{"line":228,"column":42}},"65":{"start":{"line":232,"column":0},"end":{"line":232,"column":62}},"66":{"start":{"line":232,"column":63},"end":{"line":232,"column":90}}},"fnMap":{"0":{"name":"(anonymous_0)","decl":{"start":{"line":67,"column":16},"end":{"line":67,"column":17}},"loc":{"start":{"line":67,"column":38},"end":{"line":196,"column":32}},"line":67},"1":{"name":"TelaPrincipal","decl":{"start":{"line":68,"column":11},"end":{"line":68,"column":24}},"loc":{"start":{"line":68,"column":27},"end":{"line":74,"column":3}},"line":68},"2":{"name":"onHeaderLeftPress","decl":{"start":{"line":74,"column":90},"end":{"line":74,"column":107}},"loc":{"start":{"line":76,"column":4},"end":{"line":79,"column":5}},"line":76},"3":{"name":"onShowAddress","decl":{"start":{"line":79,"column":49},"end":{"line":79,"column":62}},"loc":{"start":{"line":81,"column":11},"end":{"line":83,"column":5}},"line":81},"4":{"name":"onOpenPhone","decl":{"start":{"line":83,"column":47},"end":{"line":83,"column":58}},"loc":{"start":{"line":86,"column":4},"end":{"line":89,"column":5}},"line":86},"5":{"name":"onButtonListPress","decl":{"start":{"line":89,"column":53},"end":{"line":89,"column":70}},"loc":{"start":{"line":91,"column":10},"end":{"line":110,"column":5}},"line":91},"6":{"name":"render","decl":{"start":{"line":110,"column":42},"end":{"line":110,"column":48}},"loc":{"start":{"line":113,"column":4},"end":{"line":196,"column":5}},"line":113},"7":{"name":"(anonymous_7)","decl":{"start":{"line":116,"column":47},"end":{"line":116,"column":48}},"loc":{"start":{"line":116,"column":70},"end":{"line":116,"column":132}},"line":116},"8":{"name":"leftPress","decl":{"start":{"line":123,"column":30},"end":{"line":123,"column":39}},"loc":{"start":{"line":123,"column":42},"end":{"line":123,"column":78}},"line":123},"9":{"name":"onButtonListPress","decl":{"start":{"line":149,"column":38},"end":{"line":149,"column":55}},"loc":{"start":{"line":149,"column":62},"end":{"line":149,"column":102}},"line":149},"10":{"name":"renderItem","decl":{"start":{"line":158,"column":31},"end":{"line":158,"column":41}},"loc":{"start":{"line":158,"column":48},"end":{"line":165,"column":95}},"line":158},"11":{"name":"keyExtractor","decl":{"start":{"line":168,"column":33},"end":{"line":168,"column":45}},"loc":{"start":{"line":168,"column":52},"end":{"line":168,"column":80}},"line":168},"12":{"name":"onPress","decl":{"start":{"line":187,"column":28},"end":{"line":187,"column":35}},"loc":{"start":{"line":187,"column":38},"end":{"line":187,"column":75}},"line":187},"13":{"name":"mapStateToProps","decl":{"start":{"line":227,"column":31},"end":{"line":227,"column":46}},"loc":{"start":{"line":227,"column":54},"end":{"line":228,"column":43}},"line":227}},"branchMap":{"0":{"loc":{"start":{"line":93,"column":6},"end":{"line":108,"column":32}},"type":"switch","locations":[{"start":{"line":94,"column":8},"end":{"line":96,"column":16}},{"start":{"line":97,"column":8},"end":{"line":99,"column":16}},{"start":{"line":100,"column":8},"end":{"line":102,"column":16}},{"start":{"line":103,"column":8},"end":{"line":104,"column":16}},{"start":{"line":105,"column":8},"end":{"line":106,"column":16}},{"start":{"line":107,"column":8},"end":{"line":108,"column":31}}],"line":93}},"s":{"0":1,"1":1,"2":1,"3":1,"4":1,"5":1,"6":1,"7":1,"8":1,"9":1,"10":1,"11":1,"12":1,"13":1,"14":1,"15":1,"16":1,"17":1,"18":1,"19":1,"20":1,"21":1,"22":1,"23":1,"24":1,"25":1,"26":1,"27":1,"28":1,"29":1,"30":1,"31":1,"32":1,"33":1,"34":1,"35":0,"36":0,"37":3,"38":3,"39":1,"40":1,"41":1,"42":1,"43":1,"44":1,"45":0,"46":0,"47":0,"48":2,"49":2,"50":2,"51":2,"52":2,"53":2,"54":1,"55":3,"56":0,"57":0,"58":0,"59":0,"60":1,"61":1,"62":1,"63":1,"64":0,"65":1,"66":1},"f":{"0":1,"1":1,"2":1,"3":1,"4":0,"5":3,"6":2,"7":2,"8":1,"9":3,"10":0,"11":0,"12":0,"13":0},"b":{"0":[1,1,1,0,0,0]},"_coverageSchema":"43e27e138ebf9cfc5966b082cf9a028302ed4184","hash":"342b73dd3a1fc1449c2cf3e39cc190267bd1e31a"}
,"/home/vinicius/repos/teste4All/src/screens/TelaServicos/index.js": {"path":"/home/vinicius/repos/teste4All/src/screens/TelaServicos/index.js","statementMap":{"0":{"start":{"line":1,"column":42},"end":{"line":1,"column":97}},"1":{"start":{"line":1,"column":128},"end":{"line":1,"column":184}},"2":{"start":{"line":1,"column":185},"end":{"line":1,"column":247}},"3":{"start":{"line":1,"column":247},"end":{"line":1,"column":295}},"4":{"start":{"line":1,"column":318},"end":{"line":1,"column":390}},"5":{"start":{"line":1,"column":411},"end":{"line":1,"column":480}},"6":{"start":{"line":1,"column":515},"end":{"line":1,"column":598}},"7":{"start":{"line":1,"column":622},"end":{"line":1,"column":694}},"8":{"start":{"line":1,"column":712},"end":{"line":1,"column":778}},"9":{"start":{"line":1,"column":792},"end":{"line":1,"column":833}},"10":{"start":{"line":2,"column":17},"end":{"line":2,"column":62}},"11":{"start":{"line":3,"column":19},"end":{"line":3,"column":42}},"12":{"start":{"line":4,"column":18},"end":{"line":4,"column":40}},"13":{"start":{"line":7,"column":14},"end":{"line":7,"column":46}},"14":{"start":{"line":7,"column":66},"end":{"line":7,"column":132}},"15":{"start":{"line":9,"column":13},"end":{"line":18,"column":21}},"16":{"start":{"line":22,"column":15},"end":{"line":53,"column":49}},"17":{"start":{"line":22,"column":38},"end":{"line":22,"column":88}},"18":{"start":{"line":22,"column":113},"end":{"line":22,"column":163}},"19":{"start":{"line":22,"column":163},"end":{"line":22,"column":285}},"20":{"start":{"line":22,"column":286},"end":{"line":53,"column":10}},"21":{"start":{"line":24,"column":19},"end":{"line":24,"column":40}},"22":{"start":{"line":25,"column":6},"end":{"line":25,"column":26}},"23":{"start":{"line":28,"column":17},"end":{"line":28,"column":21}},"24":{"start":{"line":29,"column":6},"end":{"line":50,"column":139}},"25":{"start":{"line":37,"column":39},"end":{"line":37,"column":72}},"26":{"start":{"line":53,"column":10},"end":{"line":53,"column":30}},"27":{"start":{"line":53,"column":50},"end":{"line":53,"column":86}},"28":{"start":{"line":56,"column":0},"end":{"line":60,"column":15}},"29":{"start":{"line":64,"column":0},"end":{"line":64,"column":12}},"30":{"start":{"line":64,"column":13},"end":{"line":64,"column":40}}},"fnMap":{"0":{"name":"(anonymous_0)","decl":{"start":{"line":22,"column":15},"end":{"line":22,"column":16}},"loc":{"start":{"line":22,"column":37},"end":{"line":53,"column":31}},"line":22},"1":{"name":"TelaServicos","decl":{"start":{"line":22,"column":97},"end":{"line":22,"column":109}},"loc":{"start":{"line":22,"column":112},"end":{"line":22,"column":286}},"line":22},"2":{"name":"onHeaderLeftPress","decl":{"start":{"line":22,"column":372},"end":{"line":22,"column":389}},"loc":{"start":{"line":23,"column":4},"end":{"line":26,"column":5}},"line":23},"3":{"name":"render","decl":{"start":{"line":26,"column":42},"end":{"line":26,"column":48}},"loc":{"start":{"line":28,"column":4},"end":{"line":53,"column":5}},"line":28},"4":{"name":"onPress","decl":{"start":{"line":37,"column":28},"end":{"line":37,"column":35}},"loc":{"start":{"line":37,"column":38},"end":{"line":37,"column":73}},"line":37}},"branchMap":{},"s":{"0":1,"1":1,"2":1,"3":1,"4":1,"5":1,"6":1,"7":1,"8":1,"9":1,"10":1,"11":1,"12":1,"13":1,"14":1,"15":1,"16":1,"17":1,"18":1,"19":1,"20":1,"21":0,"22":0,"23":1,"24":1,"25":1,"26":1,"27":1,"28":1,"29":1,"30":1},"f":{"0":1,"1":1,"2":0,"3":1,"4":1},"b":{},"_coverageSchema":"43e27e138ebf9cfc5966b082cf9a028302ed4184","hash":"4e1ac371272e7388db9b95ce8706344339f836f2"}
}
