TN:
SF:/home/vinicius/repos/teste4All/src/fixtures/fixtures.js
FNF:0
FNH:0
DA:1,2
DA:19,2
DA:24,2
DA:31,2
LF:4
LH:4
BRF:0
BRH:0
end_of_record
TN:
SF:/home/vinicius/repos/teste4All/src/screens/TelaInicial/index.js
FN:14,(anonymous_0)
FN:14,TelaInicial
FN:14,componentDidMount
FN:14,componentDidMount$
FN:17,render
FN:38,renderItem
FN:45,onPress
FN:59,keyExtractor
FN:68,mapStateToProps
FNF:9
FNH:5
FNDA:1,(anonymous_0)
FNDA:1,TelaInicial
FNDA:1,componentDidMount
FNDA:1,componentDidMount$
FNDA:1,render
FNDA:0,renderItem
FNDA:0,onPress
FNDA:0,keyExtractor
FNDA:0,mapStateToProps
DA:1,1
DA:3,1
DA:4,1
DA:5,1
DA:6,1
DA:9,1
DA:10,1
DA:11,1
DA:12,1
DA:14,1
DA:16,1
DA:17,1
DA:22,1
DA:23,1
DA:38,0
DA:45,0
DA:59,0
DA:65,1
DA:68,1
DA:73,1
DA:78,1
DA:82,1
DA:92,1
LF:23
LH:20
BRDA:14,0,0,1
BRDA:14,0,1,1
BRDA:14,0,2,1
BRF:3
BRH:3
end_of_record
TN:
SF:/home/vinicius/repos/teste4All/src/screens/TelaPrincipal/index.js
FN:67,(anonymous_0)
FN:68,TelaPrincipal
FN:74,onHeaderLeftPress
FN:79,onShowAddress
FN:83,onOpenPhone
FN:89,onButtonListPress
FN:110,render
FN:116,(anonymous_7)
FN:123,leftPress
FN:149,onButtonListPress
FN:158,renderItem
FN:168,keyExtractor
FN:187,onPress
FN:227,mapStateToProps
FNF:14
FNH:9
FNDA:1,(anonymous_0)
FNDA:1,TelaPrincipal
FNDA:1,onHeaderLeftPress
FNDA:1,onShowAddress
FNDA:0,onOpenPhone
FNDA:3,onButtonListPress
FNDA:2,render
FNDA:2,(anonymous_7)
FNDA:1,leftPress
FNDA:3,onButtonListPress
FNDA:0,renderItem
FNDA:0,keyExtractor
FNDA:0,onPress
FNDA:0,mapStateToProps
DA:1,1
DA:2,1
DA:3,1
DA:6,1
DA:7,1
DA:8,1
DA:10,1
DA:11,1
DA:12,1
DA:13,1
DA:14,1
DA:16,1
DA:39,1
DA:67,1
DA:68,1
DA:69,1
DA:70,1
DA:73,1
DA:74,1
DA:77,1
DA:78,1
DA:82,1
DA:87,0
DA:88,0
DA:92,3
DA:93,3
DA:95,1
DA:96,1
DA:98,1
DA:99,1
DA:101,1
DA:102,1
DA:104,0
DA:106,0
DA:108,0
DA:113,2
DA:114,2
DA:115,2
DA:116,2
DA:117,2
DA:123,1
DA:149,3
DA:158,0
DA:168,0
DA:187,0
DA:196,1
DA:200,1
DA:227,1
DA:232,1
LF:49
LH:41
BRDA:93,0,0,1
BRDA:93,0,1,1
BRDA:93,0,2,1
BRDA:93,0,3,0
BRDA:93,0,4,0
BRDA:93,0,5,0
BRF:6
BRH:3
end_of_record
TN:
SF:/home/vinicius/repos/teste4All/src/screens/TelaServicos/index.js
FN:22,(anonymous_0)
FN:22,TelaServicos
FN:22,onHeaderLeftPress
FN:26,render
FN:37,onPress
FNF:5
FNH:4
FNDA:1,(anonymous_0)
FNDA:1,TelaServicos
FNDA:0,onHeaderLeftPress
FNDA:1,render
FNDA:1,onPress
DA:1,1
DA:2,1
DA:3,1
DA:4,1
DA:7,1
DA:9,1
DA:22,1
DA:24,0
DA:25,0
DA:28,1
DA:29,1
DA:37,1
DA:53,1
DA:56,1
DA:64,1
LF:15
LH:13
BRF:0
BRH:0
end_of_record
